2025-04-01 05:54:21,791 - data_ingestion - DEBUG - Data loaded from https://raw.githubusercontent.com/vikashishere/Datasets/refs/heads/main/spam.csv
2025-04-01 05:54:21,796 - data_ingestion - DEBUG - Data Preprocessing completed
2025-04-01 05:54:21,797 - data_ingestion - ERROR - Unexpected error occured while saving the data: module 'os' has no attribute 'makerdirs'
2025-04-01 05:54:21,797 - data_ingestion - ERROR - Faile dto complete the data ingestion process: module 'os' has no attribute 'makerdirs'
2025-04-01 06:12:26,451 - data_ingestion - DEBUG - Data loaded from https://raw.githubusercontent.com/vikashishere/Datasets/refs/heads/main/spam.csv
2025-04-01 06:12:26,454 - data_ingestion - DEBUG - Data Preprocessing completed
2025-04-01 06:12:26,472 - data_ingestion - DEBUG - Train and Test data saved to ./data/raw
2025-04-08 05:36:53,351 - data_ingestion - DEBUG - Data loaded from https://raw.githubusercontent.com/vikashishere/Datasets/refs/heads/main/spam.csv
2025-04-08 05:36:53,356 - data_ingestion - DEBUG - Data Preprocessing completed
2025-04-08 05:36:53,376 - data_ingestion - DEBUG - Train and Test data saved to ./data/raw
2025-04-08 05:38:23,608 - data_ingestion - DEBUG - Data loaded from https://raw.githubusercontent.com/vikashishere/Datasets/refs/heads/main/spam.csv
2025-04-08 05:38:23,616 - data_ingestion - DEBUG - Data Preprocessing completed
2025-04-08 05:38:23,634 - data_ingestion - DEBUG - Train and Test data saved to ./data/raw
2025-04-08 06:05:15,465 - data_ingestion - DEBUG - Parameters retrieved from params.yaml
2025-04-08 06:05:15,824 - data_ingestion - DEBUG - Data loaded from https://raw.githubusercontent.com/vikashishere/Datasets/refs/heads/main/spam.csv
2025-04-08 06:05:15,835 - data_ingestion - DEBUG - Data Preprocessing completed
2025-04-08 06:05:15,850 - data_ingestion - DEBUG - Train and Test data saved to ./data/raw
2025-04-08 06:08:57,544 - data_ingestion - DEBUG - Parameters retrieved from params.yaml
2025-04-08 06:08:57,872 - data_ingestion - DEBUG - Data loaded from https://raw.githubusercontent.com/vikashishere/Datasets/refs/heads/main/spam.csv
2025-04-08 06:08:57,876 - data_ingestion - DEBUG - Data Preprocessing completed
2025-04-08 06:08:57,890 - data_ingestion - DEBUG - Train and Test data saved to ./data/raw
2025-04-08 06:16:07,251 - data_ingestion - DEBUG - Parameters retrieved from params.yaml
2025-04-08 06:16:07,750 - data_ingestion - DEBUG - Data loaded from https://raw.githubusercontent.com/vikashishere/Datasets/refs/heads/main/spam.csv
2025-04-08 06:16:07,754 - data_ingestion - DEBUG - Data Preprocessing completed
2025-04-08 06:16:07,769 - data_ingestion - DEBUG - Train and Test data saved to ./data/raw
2025-04-08 06:40:46,052 - data_ingestion - DEBUG - Parameters retrieved from params.yaml
2025-04-08 06:40:46,573 - data_ingestion - DEBUG - Data loaded from https://raw.githubusercontent.com/vikashishere/Datasets/refs/heads/main/spam.csv
2025-04-08 06:40:46,576 - data_ingestion - DEBUG - Data Preprocessing completed
2025-04-08 06:40:46,591 - data_ingestion - DEBUG - Train and Test data saved to ./data/raw
