2025-04-05 10:17:31,532 - data_preprocessing - INFO - Loading raw data...
2025-04-05 10:17:31,554 - data_preprocessing - INFO - Preprocessing started.
2025-04-05 10:17:31,556 - data_preprocessing - INFO - Target column encoded.
2025-04-05 10:17:31,562 - data_preprocessing - INFO - Duplicates removed.
2025-04-05 10:17:31,570 - data_preprocessing - DEBUG - Transformed 0 rows...
2025-04-05 10:17:32,150 - data_preprocessing - DEBUG - Transformed 500 rows...
2025-04-05 10:17:32,701 - data_preprocessing - DEBUG - Transformed 1000 rows...
2025-04-05 10:17:33,273 - data_preprocessing - DEBUG - Transformed 1500 rows...
2025-04-05 10:17:33,879 - data_preprocessing - DEBUG - Transformed 2000 rows...
2025-04-05 10:17:34,935 - data_preprocessing - DEBUG - Transformed 3000 rows...
2025-04-05 10:17:35,523 - data_preprocessing - DEBUG - Transformed 3500 rows...
2025-04-05 10:17:36,025 - data_preprocessing - DEBUG - Transformed 4000 rows...
2025-04-05 10:17:36,464 - data_preprocessing - INFO - Text column transformed.
2025-04-05 10:17:36,465 - data_preprocessing - INFO - Preprocessing started.
2025-04-05 10:17:36,467 - data_preprocessing - INFO - Target column encoded.
2025-04-05 10:17:36,469 - data_preprocessing - INFO - Duplicates removed.
2025-04-05 10:17:36,470 - data_preprocessing - DEBUG - Transformed 0 rows...
2025-04-05 10:17:37,066 - data_preprocessing - DEBUG - Transformed 500 rows...
2025-04-05 10:17:37,616 - data_preprocessing - DEBUG - Transformed 1000 rows...
2025-04-05 10:17:37,734 - data_preprocessing - INFO - Text column transformed.
2025-04-05 10:17:37,751 - data_preprocessing - INFO - Processed data saved to ./data/interim
2025-04-05 11:02:31,730 - data_preprocessing - ERROR - Failed to complete the fearture engineering process: name 'Exceptin' is not defined
2025-04-05 11:03:21,606 - data_preprocessing - ERROR - Unexpected error occured while loading the data: [Errno 2] No such file or directory: 'data/interim/train.csv'
2025-04-05 11:03:21,606 - data_preprocessing - ERROR - Failed to complete the fearture engineering process: [Errno 2] No such file or directory: 'data/interim/train.csv'
2025-04-05 11:05:09,858 - data_preprocessing - DEBUG - Data loaded and NaNs filled from data/interim/train_processed.csv
2025-04-05 11:05:09,861 - data_preprocessing - DEBUG - Data loaded and NaNs filled from data/interim/test_processed.csv
2025-04-05 11:05:09,861 - data_preprocessing - ERROR - Error applying Bag of words transformation: name 'TfidfVectorizer' is not defined
2025-04-05 11:05:09,861 - data_preprocessing - ERROR - Failed to complete the fearture engineering process: name 'TfidfVectorizer' is not defined
2025-04-05 11:08:30,450 - data_preprocessing - DEBUG - Data loaded and NaNs filled from data/interim/train_processed.csv
2025-04-05 11:08:30,452 - data_preprocessing - DEBUG - Data loaded and NaNs filled from data/interim/test_processed.csv
2025-04-05 11:08:30,452 - data_preprocessing - ERROR - Error applying tfidf transformation: name 'max_features' is not defined
2025-04-05 11:08:30,452 - data_preprocessing - ERROR - Failed to complete the fearture engineering process: name 'max_features' is not defined
2025-04-05 11:09:09,408 - data_preprocessing - DEBUG - Data loaded and NaNs filled from data/interim/train_processed.csv
2025-04-05 11:09:09,410 - data_preprocessing - DEBUG - Data loaded and NaNs filled from data/interim/test_processed.csv
2025-04-05 11:09:09,461 - data_preprocessing - ERROR - Error applying tfidf transformation: name 'X_test_bow' is not defined
2025-04-05 11:09:09,461 - data_preprocessing - ERROR - Failed to complete the fearture engineering process: name 'X_test_bow' is not defined
2025-04-05 11:12:00,823 - data_preprocessing - DEBUG - Data loaded and NaNs filled from data/interim/train_processed.csv
2025-04-05 11:12:00,825 - data_preprocessing - DEBUG - Data loaded and NaNs filled from data/interim/test_processed.csv
2025-04-05 11:12:00,897 - data_preprocessing - DEBUG - tfidf applied and  transformation applied
2025-04-05 11:12:00,897 - data_preprocessing - ERROR - Failed to complete the fearture engineering process: name 'save_data' is not defined
2025-04-05 11:12:31,004 - data_preprocessing - DEBUG - Data loaded and NaNs filled from data/interim/train_processed.csv
2025-04-05 11:12:31,007 - data_preprocessing - DEBUG - Data loaded and NaNs filled from data/interim/test_processed.csv
2025-04-05 11:12:31,066 - data_preprocessing - DEBUG - tfidf applied and  transformation applied
2025-04-05 11:12:31,066 - data_preprocessing - ERROR - Failed to complete the fearture engineering process: save_data() got an unexpected keyword argument 'train_df'
2025-04-05 11:13:49,809 - data_preprocessing - DEBUG - Data loaded and NaNs filled from data/interim/train_processed.csv
2025-04-05 11:13:49,811 - data_preprocessing - DEBUG - Data loaded and NaNs filled from data/interim/test_processed.csv
2025-04-05 11:13:49,868 - data_preprocessing - DEBUG - tfidf applied and  transformation applied
2025-04-05 11:13:49,868 - data_preprocessing - ERROR - Failed to complete the fearture engineering process: save_data() got an unexpected keyword argument 'train_df'
2025-04-05 11:15:27,082 - data_preprocessing - DEBUG - Data loaded and NaNs filled from data/interim/train_processed.csv
2025-04-05 11:15:27,085 - data_preprocessing - DEBUG - Data loaded and NaNs filled from data/interim/test_processed.csv
2025-04-05 11:15:27,143 - data_preprocessing - DEBUG - tfidf applied and  transformation applied
2025-04-05 11:15:27,221 - data_preprocessing - DEBUG - Data saved to ./data/processed/train_tfidf.csv
2025-04-05 11:15:27,241 - data_preprocessing - DEBUG - Data saved to ./data/processed/train_tfidf.csv
2025-04-08 05:39:45,442 - data_preprocessing - INFO - Loading raw data...
2025-04-08 05:39:45,475 - data_preprocessing - INFO - Preprocessing started.
2025-04-08 05:39:45,487 - data_preprocessing - INFO - Target column encoded.
2025-04-08 05:39:45,496 - data_preprocessing - INFO - Duplicates removed.
2025-04-08 05:39:45,504 - data_preprocessing - DEBUG - Transformed 0 rows...
2025-04-08 05:39:46,082 - data_preprocessing - DEBUG - Transformed 500 rows...
2025-04-08 05:39:46,618 - data_preprocessing - DEBUG - Transformed 1000 rows...
2025-04-08 05:39:47,157 - data_preprocessing - DEBUG - Transformed 1500 rows...
2025-04-08 05:39:47,694 - data_preprocessing - DEBUG - Transformed 2000 rows...
2025-04-08 05:39:48,692 - data_preprocessing - DEBUG - Transformed 3000 rows...
2025-04-08 05:39:49,203 - data_preprocessing - DEBUG - Transformed 3500 rows...
2025-04-08 05:39:49,672 - data_preprocessing - DEBUG - Transformed 4000 rows...
2025-04-08 05:39:50,098 - data_preprocessing - INFO - Text column transformed.
2025-04-08 05:39:50,098 - data_preprocessing - INFO - Preprocessing started.
2025-04-08 05:39:50,099 - data_preprocessing - INFO - Target column encoded.
2025-04-08 05:39:50,100 - data_preprocessing - INFO - Duplicates removed.
2025-04-08 05:39:50,102 - data_preprocessing - DEBUG - Transformed 0 rows...
2025-04-08 05:39:50,647 - data_preprocessing - DEBUG - Transformed 500 rows...
2025-04-08 05:39:51,200 - data_preprocessing - DEBUG - Transformed 1000 rows...
2025-04-08 05:39:51,316 - data_preprocessing - INFO - Text column transformed.
2025-04-08 05:39:51,328 - data_preprocessing - INFO - Processed data saved to ./data/interim
2025-04-08 05:39:51,329 - data_preprocessing - INFO - Loading raw data...
2025-04-08 05:39:51,339 - data_preprocessing - INFO - Preprocessing started.
2025-04-08 05:39:51,340 - data_preprocessing - INFO - Target column encoded.
2025-04-08 05:39:51,343 - data_preprocessing - INFO - Duplicates removed.
2025-04-08 05:39:55,910 - data_preprocessing - INFO - Text column transformed.
2025-04-08 05:39:55,911 - data_preprocessing - INFO - Preprocessing started.
2025-04-08 05:39:55,912 - data_preprocessing - INFO - Target column encoded.
2025-04-08 05:39:55,913 - data_preprocessing - INFO - Duplicates removed.
2025-04-08 05:39:57,115 - data_preprocessing - INFO - Text column transformed.
2025-04-08 05:39:57,124 - data_preprocessing - INFO - Processed data saved to ./data/interim
2025-04-08 05:40:29,874 - data_preprocessing - INFO - Loading raw data...
2025-04-08 05:40:29,928 - data_preprocessing - INFO - Preprocessing started.
2025-04-08 05:40:29,936 - data_preprocessing - INFO - Target column encoded.
2025-04-08 05:40:29,953 - data_preprocessing - INFO - Duplicates removed.
2025-04-08 05:40:29,977 - data_preprocessing - DEBUG - Transformed 0 rows...
2025-04-08 05:40:30,551 - data_preprocessing - DEBUG - Transformed 500 rows...
2025-04-08 05:40:31,091 - data_preprocessing - DEBUG - Transformed 1000 rows...
2025-04-08 05:40:31,627 - data_preprocessing - DEBUG - Transformed 1500 rows...
2025-04-08 05:40:32,187 - data_preprocessing - DEBUG - Transformed 2000 rows...
2025-04-08 05:40:33,281 - data_preprocessing - DEBUG - Transformed 3000 rows...
2025-04-08 05:40:33,788 - data_preprocessing - DEBUG - Transformed 3500 rows...
2025-04-08 05:40:34,359 - data_preprocessing - DEBUG - Transformed 4000 rows...
2025-04-08 05:40:34,792 - data_preprocessing - INFO - Text column transformed.
2025-04-08 05:40:34,792 - data_preprocessing - INFO - Preprocessing started.
2025-04-08 05:40:34,794 - data_preprocessing - INFO - Target column encoded.
2025-04-08 05:40:34,796 - data_preprocessing - INFO - Duplicates removed.
2025-04-08 05:40:34,797 - data_preprocessing - DEBUG - Transformed 0 rows...
2025-04-08 05:40:35,397 - data_preprocessing - DEBUG - Transformed 500 rows...
2025-04-08 05:40:36,035 - data_preprocessing - DEBUG - Transformed 1000 rows...
2025-04-08 05:40:36,165 - data_preprocessing - INFO - Text column transformed.
2025-04-08 05:40:36,178 - data_preprocessing - INFO - Processed data saved to ./data/interim
2025-04-08 05:40:36,183 - data_preprocessing - INFO - Loading raw data...
2025-04-08 05:40:36,200 - data_preprocessing - INFO - Preprocessing started.
2025-04-08 05:40:36,201 - data_preprocessing - INFO - Target column encoded.
2025-04-08 05:40:36,204 - data_preprocessing - INFO - Duplicates removed.
2025-04-08 05:40:41,748 - data_preprocessing - INFO - Text column transformed.
2025-04-08 05:40:41,750 - data_preprocessing - INFO - Preprocessing started.
2025-04-08 05:40:41,752 - data_preprocessing - INFO - Target column encoded.
2025-04-08 05:40:41,753 - data_preprocessing - INFO - Duplicates removed.
2025-04-08 05:40:43,065 - data_preprocessing - INFO - Text column transformed.
2025-04-08 05:40:43,073 - data_preprocessing - INFO - Processed data saved to ./data/interim
2025-04-08 06:08:59,499 - data_preprocessing - INFO - Loading raw data...
2025-04-08 06:08:59,512 - data_preprocessing - INFO - Preprocessing started.
2025-04-08 06:08:59,514 - data_preprocessing - INFO - Target column encoded.
2025-04-08 06:08:59,518 - data_preprocessing - INFO - Duplicates removed.
2025-04-08 06:08:59,530 - data_preprocessing - DEBUG - Transformed 0 rows...
2025-04-08 06:09:00,127 - data_preprocessing - DEBUG - Transformed 500 rows...
2025-04-08 06:09:00,710 - data_preprocessing - DEBUG - Transformed 1000 rows...
2025-04-08 06:09:01,242 - data_preprocessing - DEBUG - Transformed 1500 rows...
2025-04-08 06:09:01,801 - data_preprocessing - DEBUG - Transformed 2000 rows...
2025-04-08 06:09:02,330 - data_preprocessing - DEBUG - Transformed 2500 rows...
2025-04-08 06:09:02,868 - data_preprocessing - DEBUG - Transformed 3000 rows...
2025-04-08 06:09:03,391 - data_preprocessing - DEBUG - Transformed 3500 rows...
2025-04-08 06:09:03,871 - data_preprocessing - DEBUG - Transformed 4000 rows...
2025-04-08 06:09:04,369 - data_preprocessing - DEBUG - Transformed 4500 rows...
2025-04-08 06:09:04,598 - data_preprocessing - INFO - Text column transformed.
2025-04-08 06:09:04,598 - data_preprocessing - INFO - Preprocessing started.
2025-04-08 06:09:04,601 - data_preprocessing - INFO - Target column encoded.
2025-04-08 06:09:04,602 - data_preprocessing - INFO - Duplicates removed.
2025-04-08 06:09:04,604 - data_preprocessing - DEBUG - Transformed 0 rows...
2025-04-08 06:09:05,151 - data_preprocessing - DEBUG - Transformed 500 rows...
2025-04-08 06:09:05,519 - data_preprocessing - INFO - Text column transformed.
2025-04-08 06:09:05,529 - data_preprocessing - INFO - Processed data saved to ./data/interim
2025-04-08 06:09:05,530 - data_preprocessing - INFO - Loading raw data...
2025-04-08 06:09:05,539 - data_preprocessing - INFO - Preprocessing started.
2025-04-08 06:09:05,540 - data_preprocessing - INFO - Target column encoded.
2025-04-08 06:09:05,542 - data_preprocessing - INFO - Duplicates removed.
2025-04-08 06:09:10,551 - data_preprocessing - INFO - Text column transformed.
2025-04-08 06:09:10,551 - data_preprocessing - INFO - Preprocessing started.
2025-04-08 06:09:10,553 - data_preprocessing - INFO - Target column encoded.
2025-04-08 06:09:10,554 - data_preprocessing - INFO - Duplicates removed.
2025-04-08 06:09:11,506 - data_preprocessing - INFO - Text column transformed.
2025-04-08 06:09:11,514 - data_preprocessing - INFO - Processed data saved to ./data/interim
